<?xml version="1.0" encoding="UTF-8"?>
<testsuite xmlns:xsi="http://www.w3.org/2001/XMLSchema-instance" xsi:noNamespaceSchemaLocation="https://maven.apache.org/surefire/maven-surefire-plugin/xsd/surefire-test-report-3.0.xsd" version="3.0" name="TDD.QPropertyTests" time="1.569" tests="12" errors="0" skipped="0" failures="0">
  <properties>
[...]
</properties>
  <testcase name="testDeleteCustomerById" classname="TDD.QPropertyTests" time="1.38">
    <system-out><![CDATA[deleteCustomerById
]]></system-out>
  </testcase>
  <testcase name="testUpdateProperty" classname="TDD.QPropertyTests" time="0.03">
    <system-out><![CDATA[updateProperty
]]></system-out>
  </testcase>
  <testcase name="testAddCustomer" classname="TDD.QPropertyTests" time="0.008">
    <system-out><![CDATA[addCustomer
]]></system-out>
  </testcase>
  <testcase name="testGetAllCustomers" classname="TDD.QPropertyTests" time="0.005">
    <system-out><![CDATA[getAllCustomers
]]></system-out>
  </testcase>
  <testcase name="testSearchPropertyByAddress" classname="TDD.QPropertyTests" time="0.004">
    <system-out><![CDATA[searchPropertyByAddress
]]></system-out>
  </testcase>
  <testcase name="testUpdateCustomer" classname="TDD.QPropertyTests" time="0.012">
    <system-out><![CDATA[updateCustomer
]]></system-out>
  </testcase>
  <testcase name="testDeletePropertyById" classname="TDD.QPropertyTests" time="0.011">
    <system-out><![CDATA[deletePropertyById
]]></system-out>
  </testcase>
  <testcase name="testGetDBStatus" classname="TDD.QPropertyTests" time="0.004">
    <system-out><![CDATA[getDBStatus
]]></system-out>
  </testcase>
  <testcase name="testSearchCustomerByNameOrPhone" classname="TDD.QPropertyTests" time="0.005">
    <system-out><![CDATA[searchCustomerByNameOrPhone
]]></system-out>
  </testcase>
  <testcase name="testGetSha256" classname="TDD.QPropertyTests" time="0.002">
    <system-out><![CDATA[getSha256
]]></system-out>
  </testcase>
  <testcase name="testGetAllProperty" classname="TDD.QPropertyTests" time="0.006">
    <system-out><![CDATA[getAllProperty
]]></system-out>
  </testcase>
  <testcase name="testAddProperty" classname="TDD.QPropertyTests" time="0.007">
    <system-out><![CDATA[addProperty
]]></system-out>
  </testcase>
</testsuite>